0 info it worked if it ends with ok
1 verbose cli [ '/usr/local/bin/node',
1 verbose cli   '/usr/local/bin/npm',
1 verbose cli   'install',
1 verbose cli   'exprsss' ]
2 info using npm@1.4.28
3 info using node@v0.10.33
4 verbose node symlink /usr/local/bin/node
5 verbose cache add [ 'exprsss', null ]
6 verbose cache add name=undefined spec="exprsss" args=["exprsss",null]
7 verbose parsed url { protocol: null,
7 verbose parsed url   slashes: null,
7 verbose parsed url   auth: null,
7 verbose parsed url   host: null,
7 verbose parsed url   port: null,
7 verbose parsed url   hostname: null,
7 verbose parsed url   hash: null,
7 verbose parsed url   search: null,
7 verbose parsed url   query: null,
7 verbose parsed url   pathname: 'exprsss',
7 verbose parsed url   path: 'exprsss',
7 verbose parsed url   href: 'exprsss' }
8 silly lockFile 3c7d536c-exprsss exprsss
9 verbose lock exprsss /Users/justinblinder/.npm/3c7d536c-exprsss.lock
10 silly lockFile 3c7d536c-exprsss exprsss
11 silly lockFile 3c7d536c-exprsss exprsss
12 verbose addNamed [ 'exprsss', '' ]
13 verbose addNamed [ null, '*' ]
14 silly lockFile 24c830f4-exprsss exprsss@
15 verbose lock exprsss@ /Users/justinblinder/.npm/24c830f4-exprsss.lock
16 silly addNameRange { name: 'exprsss', range: '*', hasData: false }
17 verbose request where is /exprsss
18 verbose request registry https://registry.npmjs.org/
19 verbose request id 44f00cb8311abca0
20 verbose url raw /exprsss
21 verbose url resolving [ 'https://registry.npmjs.org/', './exprsss' ]
22 verbose url resolved https://registry.npmjs.org/exprsss
23 verbose request where is https://registry.npmjs.org/exprsss
24 info trying registry request attempt 1 at 16:07:13
25 http GET https://registry.npmjs.org/exprsss
26 http 404 https://registry.npmjs.org/exprsss
27 verbose headers { date: 'Tue, 28 Apr 2015 20:07:12 GMT',
27 verbose headers   server: 'CouchDB/1.5.0 (Erlang OTP/R16B03)',
27 verbose headers   'content-type': 'application/json',
27 verbose headers   'cache-control': 'max-age=0',
27 verbose headers   'content-length': '51',
27 verbose headers   'accept-ranges': 'bytes',
27 verbose headers   via: '1.1 varnish',
27 verbose headers   age: '0',
27 verbose headers   'x-served-by': 'cache-iad2143-IAD',
27 verbose headers   'x-cache': 'MISS',
27 verbose headers   'x-cache-hits': '0',
27 verbose headers   'x-timer': 'S1430251632.421633,VS0,VE17',
27 verbose headers   'keep-alive': 'timeout=10, max=50',
27 verbose headers   connection: 'Keep-Alive' }
28 silly registry.get cb [ 404,
28 silly registry.get   { date: 'Tue, 28 Apr 2015 20:07:12 GMT',
28 silly registry.get     server: 'CouchDB/1.5.0 (Erlang OTP/R16B03)',
28 silly registry.get     'content-type': 'application/json',
28 silly registry.get     'cache-control': 'max-age=0',
28 silly registry.get     'content-length': '51',
28 silly registry.get     'accept-ranges': 'bytes',
28 silly registry.get     via: '1.1 varnish',
28 silly registry.get     age: '0',
28 silly registry.get     'x-served-by': 'cache-iad2143-IAD',
28 silly registry.get     'x-cache': 'MISS',
28 silly registry.get     'x-cache-hits': '0',
28 silly registry.get     'x-timer': 'S1430251632.421633,VS0,VE17',
28 silly registry.get     'keep-alive': 'timeout=10, max=50',
28 silly registry.get     connection: 'Keep-Alive' } ]
29 silly lockFile 24c830f4-exprsss exprsss@
30 silly lockFile 24c830f4-exprsss exprsss@
31 error 404 404 Not Found: exprsss
31 error 404
31 error 404 'exprsss' is not in the npm registry.
31 error 404 You should bug the author to publish it
31 error 404
31 error 404 Note that you can also install from a
31 error 404 tarball, folder, or http url, or git url.
32 error System Darwin 14.3.0
33 error command "/usr/local/bin/node" "/usr/local/bin/npm" "install" "exprsss"
34 error cwd /Users/justinblinder/Dev/Teaching/kate-test/nodeversion
35 error node -v v0.10.33
36 error npm -v 1.4.28
37 error code E404
38 verbose exit [ 1, true ]
